<?xml version="1.0" encoding="UTF-8"?>
<testng-results ignored="0" total="1" passed="1" failed="0" skipped="0">
  <reporter-output>
  </reporter-output>
  <suite started-at="2023-01-03T20:28:07 IST" name="Default suite" finished-at="2023-01-03T20:28:27 IST" duration-ms="20188">
    <groups>
    </groups>
    <test started-at="2023-01-03T20:28:07 IST" name="Default test" finished-at="2023-01-03T20:28:27 IST" duration-ms="20188">
      <class name="com.corejava.Test004">
        <test-method is-config="true" signature="openURL()[pri:0, instance:com.corejava.Test004@4f80542f]" started-at="2023-01-03T20:28:07 IST" name="openURL" finished-at="2023-01-03T20:28:11 IST" duration-ms="3894" status="PASS">
          <reporter-output>
          </reporter-output>
        </test-method> <!-- openURL -->
        <test-method signature="getURL()[pri:0, instance:com.corejava.Test004@4f80542f]" started-at="2023-01-03T20:28:11 IST" name="getURL" finished-at="2023-01-03T20:28:11 IST" duration-ms="9" status="PASS">
          <reporter-output>
          </reporter-output>
        </test-method> <!-- getURL -->
        <test-method is-config="true" signature="closeBrowser()[pri:0, instance:com.corejava.Test004@4f80542f]" started-at="2023-01-03T20:28:11 IST" name="closeBrowser" finished-at="2023-01-03T20:28:27 IST" duration-ms="16259" status="PASS">
          <reporter-output>
          </reporter-output>
        </test-method> <!-- closeBrowser -->
      </class> <!-- com.corejava.Test004 -->
    </test> <!-- Default test -->
  </suite> <!-- Default suite -->
</testng-results>
